<?xml version="1.0" encoding="UTF-8"?>
<!-- Generated by org.testng.reporters.JUnitXMLReporter -->
<testsuite hostname="BRDTANDOORI" name="Default test" tests="2" failures="0" timestamp="10 Apr 2018 10:24:38 GMT" time="44.827" errors="0">
  <testcase name="testContactFormSubmission" time="7.715" classname="com.kdp.SeleniumJavaFramework.TestCases.PBI_102_Contact"/>
  <testcase name="testValidationOnContactForm" time="7.255" classname="com.kdp.SeleniumJavaFramework.TestCases.PBI_102_Contact"/>
</testsuite> <!-- Default test -->
